Determining if the pthread_create exist failed with the following output:
Change Dir: /home/ubuntu/testbed/openabe/deps/relic/tmpec-BBl0/CMakeFiles/CMakeTmp

Run Build Command:"/usr/bin/make" "cmTC_a923e/fast"
make[3]: Entering directory '/home/ubuntu/testbed/openabe/deps/relic/tmpec-BBl0/CMakeFiles/CMakeTmp'
/usr/bin/make -f CMakeFiles/cmTC_a923e.dir/build.make CMakeFiles/cmTC_a923e.dir/build
make[4]: Entering directory '/home/ubuntu/testbed/openabe/deps/relic/tmpec-BBl0/CMakeFiles/CMakeTmp'
Building C object CMakeFiles/cmTC_a923e.dir/CheckSymbolExists.c.o
/usr/bin/cc    -o CMakeFiles/cmTC_a923e.dir/CheckSymbolExists.c.o   -c /home/ubuntu/testbed/openabe/deps/relic/tmpec-BBl0/CMakeFiles/CMakeTmp/CheckSymbolExists.c
Linking C executable cmTC_a923e
/usr/bin/cmake -E cmake_link_script CMakeFiles/cmTC_a923e.dir/link.txt --verbose=1
/usr/bin/cc      -rdynamic CMakeFiles/cmTC_a923e.dir/CheckSymbolExists.c.o  -o cmTC_a923e 
CMakeFiles/cmTC_a923e.dir/CheckSymbolExists.c.o: In function `main':
CheckSymbolExists.c:(.text+0x14): undefined reference to `pthread_create'
CheckSymbolExists.c:(.text+0x18): undefined reference to `pthread_create'
collect2: error: ld returned 1 exit status
CMakeFiles/cmTC_a923e.dir/build.make:97: recipe for target 'cmTC_a923e' failed
make[4]: *** [cmTC_a923e] Error 1
make[4]: Leaving directory '/home/ubuntu/testbed/openabe/deps/relic/tmpec-BBl0/CMakeFiles/CMakeTmp'
Makefile:126: recipe for target 'cmTC_a923e/fast' failed
make[3]: *** [cmTC_a923e/fast] Error 2
make[3]: Leaving directory '/home/ubuntu/testbed/openabe/deps/relic/tmpec-BBl0/CMakeFiles/CMakeTmp'

File /home/ubuntu/testbed/openabe/deps/relic/tmpec-BBl0/CMakeFiles/CMakeTmp/CheckSymbolExists.c:
/* */
#include <pthread.h>

int main(int argc, char** argv)
{
  (void)argv;
#ifndef pthread_create
  return ((int*)(&pthread_create))[argc];
#else
  (void)argc;
  return 0;
#endif
}

Determining if the function pthread_create exists in the pthreads failed with the following output:
Change Dir: /home/ubuntu/testbed/openabe/deps/relic/tmpec-BBl0/CMakeFiles/CMakeTmp

Run Build Command:"/usr/bin/make" "cmTC_1f171/fast"
make[3]: Entering directory '/home/ubuntu/testbed/openabe/deps/relic/tmpec-BBl0/CMakeFiles/CMakeTmp'
/usr/bin/make -f CMakeFiles/cmTC_1f171.dir/build.make CMakeFiles/cmTC_1f171.dir/build
make[4]: Entering directory '/home/ubuntu/testbed/openabe/deps/relic/tmpec-BBl0/CMakeFiles/CMakeTmp'
Building C object CMakeFiles/cmTC_1f171.dir/CheckFunctionExists.c.o
/usr/bin/cc   -DCHECK_FUNCTION_EXISTS=pthread_create   -o CMakeFiles/cmTC_1f171.dir/CheckFunctionExists.c.o   -c /usr/share/cmake-3.10/Modules/CheckFunctionExists.c
Linking C executable cmTC_1f171
/usr/bin/cmake -E cmake_link_script CMakeFiles/cmTC_1f171.dir/link.txt --verbose=1
/usr/bin/cc  -DCHECK_FUNCTION_EXISTS=pthread_create    -rdynamic CMakeFiles/cmTC_1f171.dir/CheckFunctionExists.c.o  -o cmTC_1f171 -lpthreads 
/usr/bin/ld: cannot find -lpthreads
collect2: error: ld returned 1 exit status
CMakeFiles/cmTC_1f171.dir/build.make:97: recipe for target 'cmTC_1f171' failed
make[4]: *** [cmTC_1f171] Error 1
make[4]: Leaving directory '/home/ubuntu/testbed/openabe/deps/relic/tmpec-BBl0/CMakeFiles/CMakeTmp'
Makefile:126: recipe for target 'cmTC_1f171/fast' failed
make[3]: *** [cmTC_1f171/fast] Error 2
make[3]: Leaving directory '/home/ubuntu/testbed/openabe/deps/relic/tmpec-BBl0/CMakeFiles/CMakeTmp'


