Determining if the pthread_create exist failed with the following output:
Change Dir: /home/ubuntu/testbed/openabe/deps/relic/tmpbp-xpj5/CMakeFiles/CMakeTmp

Run Build Command:"/usr/bin/make" "cmTC_c21aa/fast"
make[3]: Entering directory '/home/ubuntu/testbed/openabe/deps/relic/tmpbp-xpj5/CMakeFiles/CMakeTmp'
/usr/bin/make -f CMakeFiles/cmTC_c21aa.dir/build.make CMakeFiles/cmTC_c21aa.dir/build
make[4]: Entering directory '/home/ubuntu/testbed/openabe/deps/relic/tmpbp-xpj5/CMakeFiles/CMakeTmp'
Building C object CMakeFiles/cmTC_c21aa.dir/CheckSymbolExists.c.o
/usr/bin/cc    -o CMakeFiles/cmTC_c21aa.dir/CheckSymbolExists.c.o   -c /home/ubuntu/testbed/openabe/deps/relic/tmpbp-xpj5/CMakeFiles/CMakeTmp/CheckSymbolExists.c
Linking C executable cmTC_c21aa
/usr/bin/cmake -E cmake_link_script CMakeFiles/cmTC_c21aa.dir/link.txt --verbose=1
/usr/bin/cc      -rdynamic CMakeFiles/cmTC_c21aa.dir/CheckSymbolExists.c.o  -o cmTC_c21aa 
CMakeFiles/cmTC_c21aa.dir/CheckSymbolExists.c.o: In function `main':
CheckSymbolExists.c:(.text+0x14): undefined reference to `pthread_create'
CheckSymbolExists.c:(.text+0x18): undefined reference to `pthread_create'
collect2: error: ld returned 1 exit status
CMakeFiles/cmTC_c21aa.dir/build.make:97: recipe for target 'cmTC_c21aa' failed
make[4]: *** [cmTC_c21aa] Error 1
make[4]: Leaving directory '/home/ubuntu/testbed/openabe/deps/relic/tmpbp-xpj5/CMakeFiles/CMakeTmp'
Makefile:126: recipe for target 'cmTC_c21aa/fast' failed
make[3]: *** [cmTC_c21aa/fast] Error 2
make[3]: Leaving directory '/home/ubuntu/testbed/openabe/deps/relic/tmpbp-xpj5/CMakeFiles/CMakeTmp'

File /home/ubuntu/testbed/openabe/deps/relic/tmpbp-xpj5/CMakeFiles/CMakeTmp/CheckSymbolExists.c:
/* */
#include <pthread.h>

int main(int argc, char** argv)
{
  (void)argv;
#ifndef pthread_create
  return ((int*)(&pthread_create))[argc];
#else
  (void)argc;
  return 0;
#endif
}

Determining if the function pthread_create exists in the pthreads failed with the following output:
Change Dir: /home/ubuntu/testbed/openabe/deps/relic/tmpbp-xpj5/CMakeFiles/CMakeTmp

Run Build Command:"/usr/bin/make" "cmTC_45cd1/fast"
make[3]: Entering directory '/home/ubuntu/testbed/openabe/deps/relic/tmpbp-xpj5/CMakeFiles/CMakeTmp'
/usr/bin/make -f CMakeFiles/cmTC_45cd1.dir/build.make CMakeFiles/cmTC_45cd1.dir/build
make[4]: Entering directory '/home/ubuntu/testbed/openabe/deps/relic/tmpbp-xpj5/CMakeFiles/CMakeTmp'
Building C object CMakeFiles/cmTC_45cd1.dir/CheckFunctionExists.c.o
/usr/bin/cc   -DCHECK_FUNCTION_EXISTS=pthread_create   -o CMakeFiles/cmTC_45cd1.dir/CheckFunctionExists.c.o   -c /usr/share/cmake-3.10/Modules/CheckFunctionExists.c
Linking C executable cmTC_45cd1
/usr/bin/cmake -E cmake_link_script CMakeFiles/cmTC_45cd1.dir/link.txt --verbose=1
/usr/bin/cc  -DCHECK_FUNCTION_EXISTS=pthread_create    -rdynamic CMakeFiles/cmTC_45cd1.dir/CheckFunctionExists.c.o  -o cmTC_45cd1 -lpthreads 
/usr/bin/ld: cannot find -lpthreads
collect2: error: ld returned 1 exit status
CMakeFiles/cmTC_45cd1.dir/build.make:97: recipe for target 'cmTC_45cd1' failed
make[4]: *** [cmTC_45cd1] Error 1
make[4]: Leaving directory '/home/ubuntu/testbed/openabe/deps/relic/tmpbp-xpj5/CMakeFiles/CMakeTmp'
Makefile:126: recipe for target 'cmTC_45cd1/fast' failed
make[3]: *** [cmTC_45cd1/fast] Error 2
make[3]: Leaving directory '/home/ubuntu/testbed/openabe/deps/relic/tmpbp-xpj5/CMakeFiles/CMakeTmp'


