Determining if the pthread_create exist failed with the following output:
Change Dir: /home/ubuntu/testbed/openabe/deps/relic/tmpec-DJVP/CMakeFiles/CMakeTmp

Run Build Command:"/usr/bin/make" "cmTC_d0583/fast"
make[3]: Entering directory '/home/ubuntu/testbed/openabe/deps/relic/tmpec-DJVP/CMakeFiles/CMakeTmp'
/usr/bin/make -f CMakeFiles/cmTC_d0583.dir/build.make CMakeFiles/cmTC_d0583.dir/build
make[4]: Entering directory '/home/ubuntu/testbed/openabe/deps/relic/tmpec-DJVP/CMakeFiles/CMakeTmp'
Building C object CMakeFiles/cmTC_d0583.dir/CheckSymbolExists.c.o
/usr/bin/cc    -o CMakeFiles/cmTC_d0583.dir/CheckSymbolExists.c.o   -c /home/ubuntu/testbed/openabe/deps/relic/tmpec-DJVP/CMakeFiles/CMakeTmp/CheckSymbolExists.c
Linking C executable cmTC_d0583
/usr/bin/cmake -E cmake_link_script CMakeFiles/cmTC_d0583.dir/link.txt --verbose=1
/usr/bin/cc      -rdynamic CMakeFiles/cmTC_d0583.dir/CheckSymbolExists.c.o  -o cmTC_d0583 
CMakeFiles/cmTC_d0583.dir/CheckSymbolExists.c.o: In function `main':
CheckSymbolExists.c:(.text+0x14): undefined reference to `pthread_create'
CheckSymbolExists.c:(.text+0x18): undefined reference to `pthread_create'
collect2: error: ld returned 1 exit status
CMakeFiles/cmTC_d0583.dir/build.make:97: recipe for target 'cmTC_d0583' failed
make[4]: *** [cmTC_d0583] Error 1
make[4]: Leaving directory '/home/ubuntu/testbed/openabe/deps/relic/tmpec-DJVP/CMakeFiles/CMakeTmp'
Makefile:126: recipe for target 'cmTC_d0583/fast' failed
make[3]: *** [cmTC_d0583/fast] Error 2
make[3]: Leaving directory '/home/ubuntu/testbed/openabe/deps/relic/tmpec-DJVP/CMakeFiles/CMakeTmp'

File /home/ubuntu/testbed/openabe/deps/relic/tmpec-DJVP/CMakeFiles/CMakeTmp/CheckSymbolExists.c:
/* */
#include <pthread.h>

int main(int argc, char** argv)
{
  (void)argv;
#ifndef pthread_create
  return ((int*)(&pthread_create))[argc];
#else
  (void)argc;
  return 0;
#endif
}

Determining if the function pthread_create exists in the pthreads failed with the following output:
Change Dir: /home/ubuntu/testbed/openabe/deps/relic/tmpec-DJVP/CMakeFiles/CMakeTmp

Run Build Command:"/usr/bin/make" "cmTC_d99fc/fast"
make[3]: Entering directory '/home/ubuntu/testbed/openabe/deps/relic/tmpec-DJVP/CMakeFiles/CMakeTmp'
/usr/bin/make -f CMakeFiles/cmTC_d99fc.dir/build.make CMakeFiles/cmTC_d99fc.dir/build
make[4]: Entering directory '/home/ubuntu/testbed/openabe/deps/relic/tmpec-DJVP/CMakeFiles/CMakeTmp'
Building C object CMakeFiles/cmTC_d99fc.dir/CheckFunctionExists.c.o
/usr/bin/cc   -DCHECK_FUNCTION_EXISTS=pthread_create   -o CMakeFiles/cmTC_d99fc.dir/CheckFunctionExists.c.o   -c /usr/share/cmake-3.10/Modules/CheckFunctionExists.c
Linking C executable cmTC_d99fc
/usr/bin/cmake -E cmake_link_script CMakeFiles/cmTC_d99fc.dir/link.txt --verbose=1
/usr/bin/cc  -DCHECK_FUNCTION_EXISTS=pthread_create    -rdynamic CMakeFiles/cmTC_d99fc.dir/CheckFunctionExists.c.o  -o cmTC_d99fc -lpthreads 
/usr/bin/ld: cannot find -lpthreads
collect2: error: ld returned 1 exit status
CMakeFiles/cmTC_d99fc.dir/build.make:97: recipe for target 'cmTC_d99fc' failed
make[4]: *** [cmTC_d99fc] Error 1
make[4]: Leaving directory '/home/ubuntu/testbed/openabe/deps/relic/tmpec-DJVP/CMakeFiles/CMakeTmp'
Makefile:126: recipe for target 'cmTC_d99fc/fast' failed
make[3]: *** [cmTC_d99fc/fast] Error 2
make[3]: Leaving directory '/home/ubuntu/testbed/openabe/deps/relic/tmpec-DJVP/CMakeFiles/CMakeTmp'


