Determining if the pthread_create exist failed with the following output:
Change Dir: /home/ubuntu/testbed/openabe/deps/relic/tmpbp-j6rK/CMakeFiles/CMakeTmp

Run Build Command:"/usr/bin/make" "cmTC_422cf/fast"
make[3]: Entering directory '/home/ubuntu/testbed/openabe/deps/relic/tmpbp-j6rK/CMakeFiles/CMakeTmp'
/usr/bin/make -f CMakeFiles/cmTC_422cf.dir/build.make CMakeFiles/cmTC_422cf.dir/build
make[4]: Entering directory '/home/ubuntu/testbed/openabe/deps/relic/tmpbp-j6rK/CMakeFiles/CMakeTmp'
Building C object CMakeFiles/cmTC_422cf.dir/CheckSymbolExists.c.o
/usr/bin/cc    -o CMakeFiles/cmTC_422cf.dir/CheckSymbolExists.c.o   -c /home/ubuntu/testbed/openabe/deps/relic/tmpbp-j6rK/CMakeFiles/CMakeTmp/CheckSymbolExists.c
Linking C executable cmTC_422cf
/usr/bin/cmake -E cmake_link_script CMakeFiles/cmTC_422cf.dir/link.txt --verbose=1
/usr/bin/cc      -rdynamic CMakeFiles/cmTC_422cf.dir/CheckSymbolExists.c.o  -o cmTC_422cf 
CMakeFiles/cmTC_422cf.dir/CheckSymbolExists.c.o: In function `main':
CheckSymbolExists.c:(.text+0x14): undefined reference to `pthread_create'
CheckSymbolExists.c:(.text+0x18): undefined reference to `pthread_create'
collect2: error: ld returned 1 exit status
CMakeFiles/cmTC_422cf.dir/build.make:97: recipe for target 'cmTC_422cf' failed
make[4]: *** [cmTC_422cf] Error 1
make[4]: Leaving directory '/home/ubuntu/testbed/openabe/deps/relic/tmpbp-j6rK/CMakeFiles/CMakeTmp'
Makefile:126: recipe for target 'cmTC_422cf/fast' failed
make[3]: *** [cmTC_422cf/fast] Error 2
make[3]: Leaving directory '/home/ubuntu/testbed/openabe/deps/relic/tmpbp-j6rK/CMakeFiles/CMakeTmp'

File /home/ubuntu/testbed/openabe/deps/relic/tmpbp-j6rK/CMakeFiles/CMakeTmp/CheckSymbolExists.c:
/* */
#include <pthread.h>

int main(int argc, char** argv)
{
  (void)argv;
#ifndef pthread_create
  return ((int*)(&pthread_create))[argc];
#else
  (void)argc;
  return 0;
#endif
}

Determining if the function pthread_create exists in the pthreads failed with the following output:
Change Dir: /home/ubuntu/testbed/openabe/deps/relic/tmpbp-j6rK/CMakeFiles/CMakeTmp

Run Build Command:"/usr/bin/make" "cmTC_7d16d/fast"
make[3]: Entering directory '/home/ubuntu/testbed/openabe/deps/relic/tmpbp-j6rK/CMakeFiles/CMakeTmp'
/usr/bin/make -f CMakeFiles/cmTC_7d16d.dir/build.make CMakeFiles/cmTC_7d16d.dir/build
make[4]: Entering directory '/home/ubuntu/testbed/openabe/deps/relic/tmpbp-j6rK/CMakeFiles/CMakeTmp'
Building C object CMakeFiles/cmTC_7d16d.dir/CheckFunctionExists.c.o
/usr/bin/cc   -DCHECK_FUNCTION_EXISTS=pthread_create   -o CMakeFiles/cmTC_7d16d.dir/CheckFunctionExists.c.o   -c /usr/share/cmake-3.10/Modules/CheckFunctionExists.c
Linking C executable cmTC_7d16d
/usr/bin/cmake -E cmake_link_script CMakeFiles/cmTC_7d16d.dir/link.txt --verbose=1
/usr/bin/cc  -DCHECK_FUNCTION_EXISTS=pthread_create    -rdynamic CMakeFiles/cmTC_7d16d.dir/CheckFunctionExists.c.o  -o cmTC_7d16d -lpthreads 
/usr/bin/ld: cannot find -lpthreads
collect2: error: ld returned 1 exit status
CMakeFiles/cmTC_7d16d.dir/build.make:97: recipe for target 'cmTC_7d16d' failed
make[4]: *** [cmTC_7d16d] Error 1
make[4]: Leaving directory '/home/ubuntu/testbed/openabe/deps/relic/tmpbp-j6rK/CMakeFiles/CMakeTmp'
Makefile:126: recipe for target 'cmTC_7d16d/fast' failed
make[3]: *** [cmTC_7d16d/fast] Error 2
make[3]: Leaving directory '/home/ubuntu/testbed/openabe/deps/relic/tmpbp-j6rK/CMakeFiles/CMakeTmp'


